{
"contracts/Voting.sol":{"l":{"53":4,"54":3,"59":9,"64":8,"65":8,"67":7,"68":7,"73":0,"74":0,"75":0,"80":3,"81":0,"82":0,"87":0,"88":0,"89":0,"94":0,"95":0,"96":0,"101":0,"102":0,"103":0,"105":0,"106":0,"107":0,"109":0,"114":0,"115":0,"116":0,"121":0,"123":0,"126":0,"127":0,"128":0,"129":0,"133":0,"134":0,"139":0,"140":0},"path":"/home/rocklaye/Bureau/Cours/IMT/Blockchain/Hardhat/Voting_DApp/contracts/Voting.sol","s":{"1":4,"2":8,"3":8,"4":7,"5":0,"6":0,"7":3,"8":0,"9":0,"10":0,"11":0,"12":0,"13":0,"14":0,"15":0,"16":0,"17":0,"18":0,"19":0,"20":0,"21":0,"22":0,"23":0,"24":0,"25":0,"26":0},"b":{"1":[3,1],"2":[8,1],"3":[8,0],"4":[7,1],"5":[0,0],"6":[0,0],"7":[3,1],"8":[0,3],"9":[0,0],"10":[0,0],"11":[0,0],"12":[0,0],"13":[0,0],"14":[0,0],"15":[0,0],"16":[0,0],"17":[0,0],"18":[0,0],"19":[0,0],"20":[0,0],"21":[0,0],"22":[0,0]},"f":{"1":4,"2":9,"3":8,"4":0,"5":3,"6":0,"7":0,"8":0,"9":0,"10":0,"11":0},"fnMap":{"1":{"name":"onlyRegisteredVoter","line":52,"loc":{"start":{"line":52,"column":4},"end":{"line":55,"column":4}}},"2":{"name":"constructor","line":58,"loc":{"start":{"line":58,"column":4},"end":{"line":60,"column":4}}},"3":{"name":"registerVoter","line":63,"loc":{"start":{"line":63,"column":4},"end":{"line":69,"column":4}}},"4":{"name":"startProposalsRegistration","line":72,"loc":{"start":{"line":72,"column":4},"end":{"line":76,"column":4}}},"5":{"name":"submitProposal","line":79,"loc":{"start":{"line":79,"column":4},"end":{"line":83,"column":4}}},"6":{"name":"endProposalsRegistration","line":86,"loc":{"start":{"line":86,"column":4},"end":{"line":90,"column":4}}},"7":{"name":"startVotingSession","line":93,"loc":{"start":{"line":93,"column":4},"end":{"line":97,"column":4}}},"8":{"name":"vote","line":100,"loc":{"start":{"line":100,"column":4},"end":{"line":110,"column":4}}},"9":{"name":"endVotingSession","line":113,"loc":{"start":{"line":113,"column":4},"end":{"line":117,"column":4}}},"10":{"name":"tallyVotes","line":120,"loc":{"start":{"line":120,"column":4},"end":{"line":135,"column":4}}},"11":{"name":"getWinner","line":138,"loc":{"start":{"line":138,"column":4},"end":{"line":141,"column":4}}}},"statementMap":{"1":{"start":{"line":53,"column":8},"end":{"line":53,"column":74}},"2":{"start":{"line":64,"column":8},"end":{"line":64,"column":100}},"3":{"start":{"line":65,"column":8},"end":{"line":65,"column":69}},"4":{"start":{"line":68,"column":8},"end":{"line":68,"column":36}},"5":{"start":{"line":73,"column":8},"end":{"line":73,"column":86}},"6":{"start":{"line":74,"column":8},"end":{"line":74,"column":86}},"7":{"start":{"line":80,"column":8},"end":{"line":80,"column":110}},"8":{"start":{"line":81,"column":8},"end":{"line":81,"column":48}},"9":{"start":{"line":82,"column":8},"end":{"line":82,"column":53}},"10":{"start":{"line":87,"column":8},"end":{"line":87,"column":97}},"11":{"start":{"line":88,"column":8},"end":{"line":88,"column":84}},"12":{"start":{"line":94,"column":8},"end":{"line":94,"column":95}},"13":{"start":{"line":95,"column":8},"end":{"line":95,"column":78}},"14":{"start":{"line":101,"column":8},"end":{"line":101,"column":101}},"15":{"start":{"line":102,"column":8},"end":{"line":102,"column":67}},"16":{"start":{"line":103,"column":8},"end":{"line":103,"column":76}},"17":{"start":{"line":109,"column":8},"end":{"line":109,"column":43}},"18":{"start":{"line":114,"column":8},"end":{"line":114,"column":89}},"19":{"start":{"line":115,"column":8},"end":{"line":115,"column":76}},"20":{"start":{"line":121,"column":8},"end":{"line":121,"column":96}},"21":{"start":{"line":123,"column":8},"end":{"line":123,"column":33}},"22":{"start":{"line":126,"column":8},"end":{"line":126,"column":5656}},"23":{"start":{"line":127,"column":12},"end":{"line":127,"column":5718}},"24":{"start":{"line":133,"column":8},"end":{"line":133,"column":70}},"25":{"start":{"line":139,"column":8},"end":{"line":139,"column":96}},"26":{"start":{"line":140,"column":8},"end":{"line":140,"column":55}}},"branchMap":{"1":{"line":53,"type":"if","locations":[{"start":{"line":53,"column":8},"end":{"line":53,"column":8}},{"start":{"line":53,"column":8},"end":{"line":53,"column":8}}]},"2":{"line":63,"type":"if","locations":[{"start":{"line":63,"column":52},"end":{"line":63,"column":52}},{"start":{"line":63,"column":52},"end":{"line":63,"column":52}}]},"3":{"line":64,"type":"if","locations":[{"start":{"line":64,"column":8},"end":{"line":64,"column":8}},{"start":{"line":64,"column":8},"end":{"line":64,"column":8}}]},"4":{"line":65,"type":"if","locations":[{"start":{"line":65,"column":8},"end":{"line":65,"column":8}},{"start":{"line":65,"column":8},"end":{"line":65,"column":8}}]},"5":{"line":72,"type":"if","locations":[{"start":{"line":72,"column":51},"end":{"line":72,"column":51}},{"start":{"line":72,"column":51},"end":{"line":72,"column":51}}]},"6":{"line":73,"type":"if","locations":[{"start":{"line":73,"column":8},"end":{"line":73,"column":8}},{"start":{"line":73,"column":8},"end":{"line":73,"column":8}}]},"7":{"line":79,"type":"if","locations":[{"start":{"line":79,"column":67},"end":{"line":79,"column":67}},{"start":{"line":79,"column":67},"end":{"line":79,"column":67}}]},"8":{"line":80,"type":"if","locations":[{"start":{"line":80,"column":8},"end":{"line":80,"column":8}},{"start":{"line":80,"column":8},"end":{"line":80,"column":8}}]},"9":{"line":86,"type":"if","locations":[{"start":{"line":86,"column":49},"end":{"line":86,"column":49}},{"start":{"line":86,"column":49},"end":{"line":86,"column":49}}]},"10":{"line":87,"type":"if","locations":[{"start":{"line":87,"column":8},"end":{"line":87,"column":8}},{"start":{"line":87,"column":8},"end":{"line":87,"column":8}}]},"11":{"line":93,"type":"if","locations":[{"start":{"line":93,"column":43},"end":{"line":93,"column":43}},{"start":{"line":93,"column":43},"end":{"line":93,"column":43}}]},"12":{"line":94,"type":"if","locations":[{"start":{"line":94,"column":8},"end":{"line":94,"column":8}},{"start":{"line":94,"column":8},"end":{"line":94,"column":8}}]},"13":{"line":100,"type":"if","locations":[{"start":{"line":100,"column":45},"end":{"line":100,"column":45}},{"start":{"line":100,"column":45},"end":{"line":100,"column":45}}]},"14":{"line":101,"type":"if","locations":[{"start":{"line":101,"column":8},"end":{"line":101,"column":8}},{"start":{"line":101,"column":8},"end":{"line":101,"column":8}}]},"15":{"line":102,"type":"if","locations":[{"start":{"line":102,"column":8},"end":{"line":102,"column":8}},{"start":{"line":102,"column":8},"end":{"line":102,"column":8}}]},"16":{"line":103,"type":"if","locations":[{"start":{"line":103,"column":8},"end":{"line":103,"column":8}},{"start":{"line":103,"column":8},"end":{"line":103,"column":8}}]},"17":{"line":113,"type":"if","locations":[{"start":{"line":113,"column":41},"end":{"line":113,"column":41}},{"start":{"line":113,"column":41},"end":{"line":113,"column":41}}]},"18":{"line":114,"type":"if","locations":[{"start":{"line":114,"column":8},"end":{"line":114,"column":8}},{"start":{"line":114,"column":8},"end":{"line":114,"column":8}}]},"19":{"line":120,"type":"if","locations":[{"start":{"line":120,"column":35},"end":{"line":120,"column":35}},{"start":{"line":120,"column":35},"end":{"line":120,"column":35}}]},"20":{"line":121,"type":"if","locations":[{"start":{"line":121,"column":8},"end":{"line":121,"column":8}},{"start":{"line":121,"column":8},"end":{"line":121,"column":8}}]},"21":{"line":127,"type":"if","locations":[{"start":{"line":127,"column":12},"end":{"line":127,"column":12}},{"start":{"line":127,"column":12},"end":{"line":127,"column":12}}]},"22":{"line":139,"type":"if","locations":[{"start":{"line":139,"column":8},"end":{"line":139,"column":8}},{"start":{"line":139,"column":8},"end":{"line":139,"column":8}}]}}}}
