TN:
SF:/home/rocklaye/Bureau/Cours/IMT/Blockchain/Hardhat/Voting_DApp/contracts/Voting.sol
FN:52,onlyRegisteredVoter
FN:58,constructor
FN:63,registerVoter
FN:72,startProposalsRegistration
FN:79,submitProposal
FN:86,endProposalsRegistration
FN:93,startVotingSession
FN:100,vote
FN:113,endVotingSession
FN:120,tallyVotes
FN:138,getWinner
FNF:11
FNH:4
FNDA:4,onlyRegisteredVoter
FNDA:9,constructor
FNDA:8,registerVoter
FNDA:0,startProposalsRegistration
FNDA:3,submitProposal
FNDA:0,endProposalsRegistration
FNDA:0,startVotingSession
FNDA:0,vote
FNDA:0,endVotingSession
FNDA:0,tallyVotes
FNDA:0,getWinner
DA:53,4
DA:54,3
DA:59,9
DA:64,8
DA:65,8
DA:67,7
DA:68,7
DA:73,0
DA:74,0
DA:75,0
DA:80,3
DA:81,0
DA:82,0
DA:87,0
DA:88,0
DA:89,0
DA:94,0
DA:95,0
DA:96,0
DA:101,0
DA:102,0
DA:103,0
DA:105,0
DA:106,0
DA:107,0
DA:109,0
DA:114,0
DA:115,0
DA:116,0
DA:121,0
DA:123,0
DA:126,0
DA:127,0
DA:128,0
DA:129,0
DA:133,0
DA:134,0
DA:139,0
DA:140,0
LF:39
LH:8
BRDA:53,1,0,3
BRDA:53,1,1,1
BRDA:63,2,0,8
BRDA:63,2,1,1
BRDA:64,3,0,8
BRDA:64,3,1,0
BRDA:65,4,0,7
BRDA:65,4,1,1
BRDA:72,5,0,0
BRDA:72,5,1,0
BRDA:73,6,0,0
BRDA:73,6,1,0
BRDA:79,7,0,3
BRDA:79,7,1,1
BRDA:80,8,0,0
BRDA:80,8,1,3
BRDA:86,9,0,0
BRDA:86,9,1,0
BRDA:87,10,0,0
BRDA:87,10,1,0
BRDA:93,11,0,0
BRDA:93,11,1,0
BRDA:94,12,0,0
BRDA:94,12,1,0
BRDA:100,13,0,0
BRDA:100,13,1,0
BRDA:101,14,0,0
BRDA:101,14,1,0
BRDA:102,15,0,0
BRDA:102,15,1,0
BRDA:103,16,0,0
BRDA:103,16,1,0
BRDA:113,17,0,0
BRDA:113,17,1,0
BRDA:114,18,0,0
BRDA:114,18,1,0
BRDA:120,19,0,0
BRDA:120,19,1,0
BRDA:121,20,0,0
BRDA:121,20,1,0
BRDA:127,21,0,0
BRDA:127,21,1,0
BRDA:139,22,0,0
BRDA:139,22,1,0
BRF:44
BRH:10
end_of_record
